<?xml version="1.0" encoding="UTF-8"?>
<!-- Generated by org.testng.reporters.JUnitReportReporter -->
<testsuite hostname="DESKTOP-SUOG8H9" failures="0" tests="1" name="testCases.TC002_LoginTest" time="1.974" errors="0" timestamp="2025-02-12T19:24:32 IST" skipped="0">
  <testcase classname="testCases.TC002_LoginTest" name="verify_login" time="1.974"/>
</testsuite> <!-- testCases.TC002_LoginTest -->
