<?xml version="1.0" encoding="UTF-8"?>
<!-- Generated by org.testng.reporters.JUnitReportReporter -->
<testsuite hostname="DESKTOP-SUOG8H9" failures="0" tests="1" name="testCases.TC001_AccountRegistrationTest" time="7.775" errors="0" timestamp="2025-02-12T20:37:25 IST" skipped="0">
  <testcase classname="testCases.TC001_AccountRegistrationTest" name="verify_Account_Registration" time="7.775"/>
</testsuite> <!-- testCases.TC001_AccountRegistrationTest -->
